0 info it worked if it ends with ok
1 verbose cli [ '/usr/local/bin/node',
1 verbose cli   '/usr/local/bin/npm',
1 verbose cli   'install',
1 verbose cli   'webpack',
1 verbose cli   '--save-dev' ]
2 info using npm@1.4.28
3 info using node@v0.10.36
4 warn package.json react-babel-template@1.0.0 No description
5 warn package.json react-babel-template@1.0.0 No repository field.
6 warn package.json react-babel-template@1.0.0 No README data
7 verbose readDependencies using package.json deps
8 verbose cache add [ 'webpack', null ]
9 verbose cache add name=undefined spec="webpack" args=["webpack",null]
10 verbose parsed url { protocol: null,
10 verbose parsed url   slashes: null,
10 verbose parsed url   auth: null,
10 verbose parsed url   host: null,
10 verbose parsed url   port: null,
10 verbose parsed url   hostname: null,
10 verbose parsed url   hash: null,
10 verbose parsed url   search: null,
10 verbose parsed url   query: null,
10 verbose parsed url   pathname: 'webpack',
10 verbose parsed url   path: 'webpack',
10 verbose parsed url   href: 'webpack' }
11 silly lockFile 057b6197-webpack webpack
12 verbose lock webpack /home/qmacpit/.npm/057b6197-webpack.lock
13 silly lockFile 057b6197-webpack webpack
14 silly lockFile 057b6197-webpack webpack
15 verbose addNamed [ 'webpack', '' ]
16 verbose addNamed [ null, '*' ]
17 silly lockFile 9c8dd08b-webpack webpack@
18 verbose lock webpack@ /home/qmacpit/.npm/9c8dd08b-webpack.lock
19 silly addNameRange { name: 'webpack', range: '*', hasData: false }
20 verbose request where is /webpack
21 verbose request registry https://registry.npmjs.org/
22 verbose request id 26f22c1f20f21186
23 verbose url raw /webpack
24 verbose url resolving [ 'https://registry.npmjs.org/', './webpack' ]
25 verbose url resolved https://registry.npmjs.org/webpack
26 verbose request where is https://registry.npmjs.org/webpack
27 info trying registry request attempt 1 at 09:15:32
28 verbose etag "23BYLH6R3GI6AK5FKWGTMKTBL"
29 http GET https://registry.npmjs.org/webpack
30 http 200 https://registry.npmjs.org/webpack
31 silly registry.get cb [ 200,
31 silly registry.get   { server: 'CouchDB/1.5.0 (Erlang OTP/R16B03)',
31 silly registry.get     etag: '"1B8MBP374Z3ZLSOVXHHOQBW8Q"',
31 silly registry.get     'content-type': 'application/json',
31 silly registry.get     'cache-control': 'max-age=60',
31 silly registry.get     'content-length': '692564',
31 silly registry.get     'accept-ranges': 'bytes',
31 silly registry.get     date: 'Wed, 23 Sep 2015 07:15:32 GMT',
31 silly registry.get     via: '1.1 varnish',
31 silly registry.get     age: '42',
31 silly registry.get     connection: 'keep-alive',
31 silly registry.get     'x-served-by': 'cache-lcy1125-LCY',
31 silly registry.get     'x-cache': 'HIT',
31 silly registry.get     'x-cache-hits': '2',
31 silly registry.get     'x-timer': 'S1442992532.237086,VS0,VE0',
31 silly registry.get     vary: 'Accept' } ]
32 silly addNameRange number 2 { name: 'webpack', range: '*', hasData: true }
33 silly addNameRange versions [ 'webpack',
33 silly addNameRange   [ '0.1.0',
33 silly addNameRange     '0.1.1',
33 silly addNameRange     '0.1.2',
33 silly addNameRange     '0.1.3',
33 silly addNameRange     '0.1.4',
33 silly addNameRange     '0.1.5',
33 silly addNameRange     '0.1.6',
33 silly addNameRange     '0.2.0',
33 silly addNameRange     '0.2.1',
33 silly addNameRange     '0.2.2',
33 silly addNameRange     '0.2.3',
33 silly addNameRange     '0.2.4',
33 silly addNameRange     '0.2.6',
33 silly addNameRange     '0.2.7',
33 silly addNameRange     '0.2.8',
33 silly addNameRange     '0.3.0',
33 silly addNameRange     '0.3.1',
33 silly addNameRange     '0.3.2',
33 silly addNameRange     '0.3.3',
33 silly addNameRange     '0.3.4',
33 silly addNameRange     '0.3.6',
33 silly addNameRange     '0.3.7',
33 silly addNameRange     '0.3.8',
33 silly addNameRange     '0.3.9',
33 silly addNameRange     '0.3.10',
33 silly addNameRange     '0.3.11',
33 silly addNameRange     '0.3.12',
33 silly addNameRange     '0.3.13',
33 silly addNameRange     '0.3.14',
33 silly addNameRange     '0.3.15',
33 silly addNameRange     '0.3.16',
33 silly addNameRange     '0.3.17',
33 silly addNameRange     '0.3.18',
33 silly addNameRange     '0.3.19',
33 silly addNameRange     '0.3.20',
33 silly addNameRange     '0.4.0',
33 silly addNameRange     '0.4.1',
33 silly addNameRange     '0.4.2',
33 silly addNameRange     '0.4.3',
33 silly addNameRange     '0.4.4',
33 silly addNameRange     '0.4.5',
33 silly addNameRange     '0.4.6',
33 silly addNameRange     '0.4.7',
33 silly addNameRange     '0.4.8',
33 silly addNameRange     '0.4.9',
33 silly addNameRange     '0.4.10',
33 silly addNameRange     '0.4.11',
33 silly addNameRange     '0.4.12',
33 silly addNameRange     '0.4.13',
33 silly addNameRange     '0.4.14',
33 silly addNameRange     '0.4.15',
33 silly addNameRange     '0.4.16',
33 silly addNameRange     '0.4.17',
33 silly addNameRange     '0.4.18',
33 silly addNameRange     '0.4.19',
33 silly addNameRange     '0.4.20',
33 silly addNameRange     '0.4.21',
33 silly addNameRange     '0.4.23',
33 silly addNameRange     '0.4.24',
33 silly addNameRange     '0.4.25',
33 silly addNameRange     '0.5.0',
33 silly addNameRange     '0.5.1',
33 silly addNameRange     '0.5.2',
33 silly addNameRange     '0.5.3',
33 silly addNameRange     '0.5.4',
33 silly addNameRange     '0.5.5',
33 silly addNameRange     '0.5.6',
33 silly addNameRange     '0.5.7',
33 silly addNameRange     '0.5.8',
33 silly addNameRange     '0.5.10',
33 silly addNameRange     '0.6.0',
33 silly addNameRange     '0.6.1',
33 silly addNameRange     '0.6.2',
33 silly addNameRange     '0.7.0-beta',
33 silly addNameRange     '0.7.0-beta2',
33 silly addNameRange     '0.7.0-beta3',
33 silly addNameRange     '0.7.0-beta4',
33 silly addNameRange     '0.7.0-beta5',
33 silly addNameRange     '0.7.0-beta6',
33 silly addNameRange     '0.7.0-beta7',
33 silly addNameRange     '0.7.0-beta8',
33 silly addNameRange     '0.7.0',
33 silly addNameRange     '0.7.1',
33 silly addNameRange     '0.7.2',
33 silly addNameRange     '0.7.3',
33 silly addNameRange     '0.7.4',
33 silly addNameRange     '0.7.5',
33 silly addNameRange     '0.7.6',
33 silly addNameRange     '0.7.7',
33 silly addNameRange     '0.7.8',
33 silly addNameRange     '0.7.9',
33 silly addNameRange     '0.7.11',
33 silly addNameRange     '0.7.12',
33 silly addNameRange     '0.7.13',
33 silly addNameRange     '0.7.14',
33 silly addNameRange     '0.7.15',
33 silly addNameRange     '0.7.16',
33 silly addNameRange     '0.7.17',
33 silly addNameRange     '0.8.0-beta1',
33 silly addNameRange     '0.8.0-beta2',
33 silly addNameRange     '0.8.0-beta3',
33 silly addNameRange     '0.8.0-beta4',
33 silly addNameRange     '0.8.0',
33 silly addNameRange     '0.8.2',
33 silly addNameRange     '0.8.3',
33 silly addNameRange     '0.9.0-beta1',
33 silly addNameRange     '0.9.0-beta2',
33 silly addNameRange     '0.9.0-beta4',
33 silly addNameRange     '0.9.0-beta5',
33 silly addNameRange     '0.9.0-beta6',
33 silly addNameRange     '0.9.0-beta7',
33 silly addNameRange     '0.9.0-beta8',
33 silly addNameRange     '0.9.0-beta9',
33 silly addNameRange     '0.9.0-beta10',
33 silly addNameRange     '0.9.0-beta11',
33 silly addNameRange     '0.9.0-beta12',
33 silly addNameRange     '0.9.0-beta13',
33 silly addNameRange     '0.9.0-beta14',
33 silly addNameRange     '0.9.0-beta15',
33 silly addNameRange     '0.9.0-beta16',
33 silly addNameRange     '0.9.0-beta17',
33 silly addNameRange     '0.9.0-beta18',
33 silly addNameRange     '0.9.0-beta19',
33 silly addNameRange     '0.9.0-beta20',
33 silly addNameRange     '0.9.0-beta21',
33 silly addNameRange     '0.9.0-beta22',
33 silly addNameRange     '0.9.0-beta23',
33 silly addNameRange     '0.9.0-beta24',
33 silly addNameRange     '0.9.0-beta25',
33 silly addNameRange     '0.9.0-beta26',
33 silly addNameRange     '0.9.0-beta27',
33 silly addNameRange     '0.9.0-beta28',
33 silly addNameRange     '0.9.0-beta29',
33 silly addNameRange     '0.9.0-beta30',
33 silly addNameRange     '0.9.0-beta31',
33 silly addNameRange     '0.9.0-beta32',
33 silly addNameRange     '0.9.0-beta33',
33 silly addNameRange     '0.9.0-beta34',
33 silly addNameRange     '0.9.0-beta35',
33 silly addNameRange     '0.9.0-beta36',
33 silly addNameRange     '0.9.0-beta37',
33 silly addNameRange     '0.9.0-beta38',
33 silly addNameRange     '0.9.0',
33 silly addNameRange     '0.9.1',
33 silly addNameRange     '0.9.2',
33 silly addNameRange     '0.9.3',
33 silly addNameRange     '0.10.0-beta2',
33 silly addNameRange     '0.10.0-beta3',
33 silly addNameRange     '0.10.0-beta5',
33 silly addNameRange     '0.10.0-beta6',
33 silly addNameRange     '0.10.0-beta7',
33 silly addNameRange     '0.10.0-beta8',
33 silly addNameRange     '0.10.0-beta9',
33 silly addNameRange     '0.10.0-beta10',
33 silly addNameRange     '0.10.0-beta11',
33 silly addNameRange     '0.10.0-beta12',
33 silly addNameRange     '0.10.0-beta13',
33 silly addNameRange     '0.10.0-beta14',
33 silly addNameRange     '0.10.0-beta15',
33 silly addNameRange     '0.10.0-beta16',
33 silly addNameRange     '0.10.0-beta17',
33 silly addNameRange     '0.10.0-beta18',
33 silly addNameRange     '0.10.0-beta19',
33 silly addNameRange     '0.10.0-beta20',
33 silly addNameRange     '0.10.0-beta21',
33 silly addNameRange     '0.10.0-beta22',
33 silly addNameRange     '0.10.0-beta23',
33 silly addNameRange     '0.10.0-beta24',
33 silly addNameRange     '0.10.0-beta25',
33 silly addNameRange     '0.10.0',
33 silly addNameRange     '0.11.0-beta1',
33 silly addNameRange     '0.11.0-beta2',
33 silly addNameRange     '0.11.0-beta3',
33 silly addNameRange     '0.11.0-beta4',
33 silly addNameRange     '0.11.0-beta5',
33 silly addNameRange     '0.11.0-beta6',
33 silly addNameRange     '0.11.0-beta7',
33 silly addNameRange     '0.11.0-beta8',
33 silly addNameRange     '0.11.0-beta9',
33 silly addNameRange     '0.11.0-beta10',
33 silly addNameRange     '0.11.0-beta11',
33 silly addNameRange     '0.11.0-beta12',
33 silly addNameRange     '0.11.0-beta13',
33 silly addNameRange     '0.11.0-beta14',
33 silly addNameRange     '0.11.0-beta15',
33 silly addNameRange     '0.11.0-beta16',
33 silly addNameRange     '0.11.0-beta17',
33 silly addNameRange     '0.11.0-beta18',
33 silly addNameRange     '0.11.0-beta19',
33 silly addNameRange     '0.11.0-beta20',
33 silly addNameRange     '0.11.0-beta21',
33 silly addNameRange     '0.11.0-beta22',
33 silly addNameRange     '0.11.0-beta23',
33 silly addNameRange     '0.11.0-beta24',
33 silly addNameRange     '0.11.0-beta25',
33 silly addNameRange     '0.11.0-beta26',
33 silly addNameRange     '0.11.0-beta27',
33 silly addNameRange     '0.11.0-beta28',
33 silly addNameRange     '0.11.0-beta29',
33 silly addNameRange     '0.11.0',
33 silly addNameRange     '0.11.1',
33 silly addNameRange     '0.11.2',
33 silly addNameRange     '0.11.3',
33 silly addNameRange     '0.11.4',
33 silly addNameRange     '0.11.5',
33 silly addNameRange     '0.11.6',
33 silly addNameRange     '0.11.7',
33 silly addNameRange     '0.11.8',
33 silly addNameRange     '0.11.9',
33 silly addNameRange     '0.11.10',
33 silly addNameRange     '0.11.11',
33 silly addNameRange     '0.11.12',
33 silly addNameRange     '0.11.13',
33 silly addNameRange     '0.11.14',
33 silly addNameRange     '0.11.15',
33 silly addNameRange     '1.0.0-beta1',
33 silly addNameRange     '1.0.0-beta2',
33 silly addNameRange     '1.0.0-beta3',
33 silly addNameRange     '1.0.0-beta4',
33 silly addNameRange     '0.11.16',
33 silly addNameRange     '0.11.17',
33 silly addNameRange     '0.11.18',
33 silly addNameRange     '1.0.0-beta5',
33 silly addNameRange     '1.0.0-beta6',
33 silly addNameRange     '1.0.0-beta7',
33 silly addNameRange     '1.0.0-beta8',
33 silly addNameRange     '1.0.0-beta9',
33 silly addNameRange     '1.0.0-rc1',
33 silly addNameRange     '1.0.0-rc2',
33 silly addNameRange     '1.0.0-rc3',
33 silly addNameRange     '1.0.0-rc4',
33 silly addNameRange     '1.0.0-rc5',
33 silly addNameRange     '1.0.0-rc7',
33 silly addNameRange     '1.0.0-rc8',
33 silly addNameRange     '1.0.0-rc9',
33 silly addNameRange     '1.0.0-rc11',
33 silly addNameRange     '1.0.0-rc12',
33 silly addNameRange     '1.0.0',
33 silly addNameRange     '1.0.1',
33 silly addNameRange     '1.0.3',
33 silly addNameRange     '1.0.4',
33 silly addNameRange     '1.0.5',
33 silly addNameRange     '1.1.0-beta1',
33 silly addNameRange     '1.1.0-beta2',
33 silly addNameRange     '1.1.0-beta3',
33 silly addNameRange     '1.1.0-beta4',
33 silly addNameRange     '1.1.0-beta5',
33 silly addNameRange     '1.1.0-beta6',
33 silly addNameRange     '1.1.0-beta7',
33 silly addNameRange     '1.1.0-beta8',
33 silly addNameRange     '1.1.0-beta9',
33 silly addNameRange     '1.1.0-beta10',
33 silly addNameRange     '1.1.0-beta12',
33 silly addNameRange     '1.1.0',
33 silly addNameRange     '1.1.1',
33 silly addNameRange     '1.1.2',
33 silly addNameRange     '1.1.3',
33 silly addNameRange     '1.1.4',
33 silly addNameRange     '1.1.5',
33 silly addNameRange     '1.1.6',
33 silly addNameRange     '1.1.7',
33 silly addNameRange     '1.1.8',
33 silly addNameRange     '1.1.9',
33 silly addNameRange     '1.1.10',
33 silly addNameRange     '1.1.11',
33 silly addNameRange     '1.2.0-beta1',
33 silly addNameRange     '1.2.0-beta2',
33 silly addNameRange     '1.2.0-beta4',
33 silly addNameRange     '1.2.0-beta5',
33 silly addNameRange     '1.2.0-beta6',
33 silly addNameRange     '1.3.0-beta1',
33 silly addNameRange     '1.3.0-beta2',
33 silly addNameRange     '1.3.0-beta3',
33 silly addNameRange     '1.3.0-beta4',
33 silly addNameRange     '1.3.0-beta5',
33 silly addNameRange     '1.3.0-beta6',
33 silly addNameRange     '1.3.0-beta7',
33 silly addNameRange     '1.3.0-beta8',
33 silly addNameRange     '1.3.0-beta9',
33 silly addNameRange     '1.3.1-beta1',
33 silly addNameRange     '1.3.1-beta2',
33 silly addNameRange     '1.3.1-beta3',
33 silly addNameRange     '1.3.1-beta4',
33 silly addNameRange     '1.3.1-beta5',
33 silly addNameRange     '1.3.1-beta6',
33 silly addNameRange     '1.3.1-beta7',
33 silly addNameRange     '1.3.1-beta8',
33 silly addNameRange     '1.3.1-beta9',
33 silly addNameRange     '1.3.2-beta1',
33 silly addNameRange     '1.3.2-beta2',
33 silly addNameRange     '1.3.2-beta3',
33 silly addNameRange     '1.3.2-beta4',
33 silly addNameRange     '1.3.2-beta5',
33 silly addNameRange     '1.3.2-beta6',
33 silly addNameRange     '1.3.2-beta7',
33 silly addNameRange     '1.3.2-beta8',
33 silly addNameRange     '1.3.2-beta9',
33 silly addNameRange     '1.3.3-beta1',
33 silly addNameRange     '1.3.3-beta2',
33 silly addNameRange     '1.3.4',
33 silly addNameRange     '1.3.5',
33 silly addNameRange     '1.3.6',
33 silly addNameRange     '1.3.7',
33 silly addNameRange     '1.4.0-beta1',
33 silly addNameRange     '1.4.0-beta2',
33 silly addNameRange     '1.4.0-beta3',
33 silly addNameRange     '1.4.0-beta4',
33 silly addNameRange     '1.4.0-beta5',
33 silly addNameRange     '1.4.0-beta6',
33 silly addNameRange     '1.4.0-beta7',
33 silly addNameRange     '1.4.0-beta8',
33 silly addNameRange     '1.4.0-beta9',
33 silly addNameRange     '1.4.0-beta10',
33 silly addNameRange     '1.4.1-beta1',
33 silly addNameRange     '1.4.2',
33 silly addNameRange     '1.4.3',
33 silly addNameRange     '1.4.4',
33 silly addNameRange     '1.4.5',
33 silly addNameRange     '1.4.6',
33 silly addNameRange     '1.4.7',
33 silly addNameRange     '1.4.8',
33 silly addNameRange     '1.4.9',
33 silly addNameRange     '1.4.10',
33 silly addNameRange     '1.4.11',
33 silly addNameRange     '1.4.12',
33 silly addNameRange     '1.4.13',
33 silly addNameRange     '1.4.14',
33 silly addNameRange     '1.4.15',
33 silly addNameRange     '1.5.0',
33 silly addNameRange     '1.5.1',
33 silly addNameRange     '1.5.2',
33 silly addNameRange     '1.5.3',
33 silly addNameRange     '1.6.0',
33 silly addNameRange     '1.7.0',
33 silly addNameRange     '1.7.1',
33 silly addNameRange     '1.7.2',
33 silly addNameRange     '1.7.3',
33 silly addNameRange     '1.8.0',
33 silly addNameRange     '1.8.1',
33 silly addNameRange     '1.8.2',
33 silly addNameRange     '1.8.3',
33 silly addNameRange     '1.8.4',
33 silly addNameRange     '1.8.5',
33 silly addNameRange     '1.8.6',
33 silly addNameRange     '1.8.7',
33 silly addNameRange     '1.8.8',
33 silly addNameRange     '1.8.9',
33 silly addNameRange     '1.8.10',
33 silly addNameRange     '1.8.11',
33 silly addNameRange     '1.9.0',
33 silly addNameRange     '1.9.1',
33 silly addNameRange     '1.9.2',
33 silly addNameRange     '1.9.3',
33 silly addNameRange     '1.9.4',
33 silly addNameRange     '1.9.5',
33 silly addNameRange     '1.9.6',
33 silly addNameRange     '1.9.7',
33 silly addNameRange     '1.9.8',
33 silly addNameRange     '1.9.9',
33 silly addNameRange     '1.9.10',
33 silly addNameRange     '1.9.11',
33 silly addNameRange     '1.9.12',
33 silly addNameRange     '1.9.13',
33 silly addNameRange     '1.10.0',
33 silly addNameRange     '1.10.1',
33 silly addNameRange     '1.10.2',
33 silly addNameRange     '1.10.3',
33 silly addNameRange     '1.10.4',
33 silly addNameRange     '1.10.5',
33 silly addNameRange     '1.11.0',
33 silly addNameRange     '1.12.0',
33 silly addNameRange     '1.12.1',
33 silly addNameRange     '1.12.2' ] ]
34 verbose addNamed [ 'webpack', '1.12.2' ]
35 verbose addNamed [ '1.12.2', '1.12.2' ]
36 silly lockFile 11802b3d-webpack-1-12-2 webpack@1.12.2
37 verbose lock webpack@1.12.2 /home/qmacpit/.npm/11802b3d-webpack-1-12-2.lock
38 silly lockFile 9df17f05-s-org-webpack-webpack-1-12-2-tgz https://registry.npmjs.org/webpack/-/webpack-1.12.2.tgz
39 verbose lock https://registry.npmjs.org/webpack/-/webpack-1.12.2.tgz /home/qmacpit/.npm/9df17f05-s-org-webpack-webpack-1-12-2-tgz.lock
40 verbose addRemoteTarball [ 'https://registry.npmjs.org/webpack/-/webpack-1.12.2.tgz',
40 verbose addRemoteTarball   'ef40ed5d7c54716f5fae1598a451669316434e51' ]
41 info retry fetch attempt 1 at 09:15:32
42 verbose fetch to= /tmp/npm-3519-Xv7vLggF/registry.npmjs.org/webpack/-/webpack-1.12.2.tgz
43 http GET https://registry.npmjs.org/webpack/-/webpack-1.12.2.tgz
44 http 200 https://registry.npmjs.org/webpack/-/webpack-1.12.2.tgz
45 silly lockFile 9df17f05-s-org-webpack-webpack-1-12-2-tgz https://registry.npmjs.org/webpack/-/webpack-1.12.2.tgz
46 silly lockFile 9df17f05-s-org-webpack-webpack-1-12-2-tgz https://registry.npmjs.org/webpack/-/webpack-1.12.2.tgz
47 silly lockFile 11802b3d-webpack-1-12-2 webpack@1.12.2
48 silly lockFile 11802b3d-webpack-1-12-2 webpack@1.12.2
49 silly lockFile 9c8dd08b-webpack webpack@
50 silly lockFile 9c8dd08b-webpack webpack@
51 error Error: EACCES, mkdir '/home/qmacpit/.npm/webpack/1.12.2'
51 error  { [Error: EACCES, mkdir '/home/qmacpit/.npm/webpack/1.12.2']
51 error   errno: 3,
51 error   code: 'EACCES',
51 error   path: '/home/qmacpit/.npm/webpack/1.12.2',
51 error   parent: 'react-babel-template' }
52 error Please try running this command again as root/Administrator.
53 error System Linux 3.13.0-62-generic
54 error command "/usr/local/bin/node" "/usr/local/bin/npm" "install" "webpack" "--save-dev"
55 error cwd /home/qmacpit/code/priv/react-babel-template
56 error node -v v0.10.36
57 error npm -v 1.4.28
58 error path /home/qmacpit/.npm/webpack/1.12.2
59 error code EACCES
60 error errno 3
61 error stack Error: EACCES, mkdir '/home/qmacpit/.npm/webpack/1.12.2'
62 verbose exit [ 3, true ]
